Copyright 1986-2018 Xilinx, Inc. All Rights Reserved.
-----------------------------------------------------------------------------------------------
| Tool Version : Vivado v.2018.2 (lin64) Build 2258646 Thu Jun 14 20:02:38 MDT 2018
| Date         : Mon Jun 17 15:56:39 2019
| Host         : brad-ThinkCentre-M910t running 64-bit Ubuntu 18.04.2 LTS
| Command      : report_utilization -hierarchical -file top_utilization_hierarchical_synth.rpt
| Design       : top
| Device       : 7a100tfgg484-2
| Design State : Synthesized
-----------------------------------------------------------------------------------------------

Utilization Design Information

Table of Contents
-----------------
1. Utilization by Hierarchy

1. Utilization by Hierarchy
---------------------------

+------------------------------------------------------------------+--------------------------------------------------+------------+------------+---------+------+-------+--------+--------+--------------+
|                             Instance                             |                      Module                      | Total LUTs | Logic LUTs | LUTRAMs | SRLs |  FFs  | RAMB36 | RAMB18 | DSP48 Blocks |
+------------------------------------------------------------------+--------------------------------------------------+------------+------------+---------+------+-------+--------+--------+--------------+
| top                                                              |                                            (top) |      23540 |      22422 |    1028 |   90 | 24180 |     65 |     28 |            6 |
|   (top)                                                          |                                            (top) |      17057 |      16163 |     804 |   90 | 21136 |     59 |     20 |            0 |
|   mor1kx                                                         |                                           mor1kx |       2998 |       2886 |     112 |    0 |  1541 |      3 |      4 |            3 |
|     mor1kx_cpu                                                   |                                       mor1kx_cpu |       2998 |       2886 |     112 |    0 |  1541 |      3 |      4 |            3 |
|       (mor1kx_cpu)                                               |                                       mor1kx_cpu |          1 |          1 |       0 |    0 |     0 |      0 |      0 |            0 |
|       cappuccino.mor1kx_cpu                                      |                            mor1kx_cpu_cappuccino |       2997 |       2885 |     112 |    0 |  1541 |      3 |      4 |            3 |
|         mor1kx_branch_prediction                                 |                       mor1kx_branch_prediction_1 |          2 |          2 |       0 |    0 |     0 |      0 |      0 |            0 |
|           branch_predictor_simple.mor1kx_branch_predictor_simple |                mor1kx_branch_predictor_simple_17 |          2 |          2 |       0 |    0 |     0 |      0 |      0 |            0 |
|         mor1kx_ctrl_cappuccino                                   |                           mor1kx_ctrl_cappuccino |        148 |        148 |       0 |    0 |   244 |      0 |      0 |            0 |
|           (mor1kx_ctrl_cappuccino)                               |                           mor1kx_ctrl_cappuccino |        146 |        146 |       0 |    0 |   212 |      0 |      0 |            0 |
|           pic.mor1kx_pic                                         |                                    mor1kx_pic_16 |          2 |          2 |       0 |    0 |    32 |      0 |      0 |            0 |
|         mor1kx_decode_execute_cappuccino                         |                 mor1kx_decode_execute_cappuccino |        371 |        371 |       0 |    0 |   173 |      0 |      0 |            0 |
|         mor1kx_execute_alu                                       |                             mor1kx_execute_alu_2 |        135 |        135 |       0 |    0 |   156 |      0 |      0 |            3 |
|         mor1kx_execute_ctrl_cappuccino                           |                   mor1kx_execute_ctrl_cappuccino |        387 |        387 |       0 |    0 |   158 |      0 |      0 |            0 |
|         mor1kx_fetch_cappuccino                                  |                          mor1kx_fetch_cappuccino |        602 |        602 |       0 |    0 |   212 |      1 |      1 |            0 |
|           (mor1kx_fetch_cappuccino)                              |                          mor1kx_fetch_cappuccino |        173 |        173 |       0 |    0 |   170 |      0 |      0 |            0 |
|           icache_gen.mor1kx_icache                               |                                 mor1kx_icache_13 |        429 |        429 |       0 |    0 |    42 |      1 |      1 |            0 |
|             (icache_gen.mor1kx_icache)                           |                                 mor1kx_icache_13 |         26 |         26 |       0 |    0 |    42 |      0 |      0 |            0 |
|             tag_ram                                              |      mor1kx_simple_dpram_sclk__parameterized0_14 |         53 |         53 |       0 |    0 |     0 |      0 |      1 |            0 |
|             way_memories[0].way_data_ram                         |                      mor1kx_simple_dpram_sclk_15 |        350 |        350 |       0 |    0 |     0 |      1 |      0 |            0 |
|         mor1kx_lsu_cappuccino                                    |                          mor1kx_lsu_cappuccino_3 |        852 |        740 |     112 |    0 |   331 |      2 |      1 |            0 |
|           (mor1kx_lsu_cappuccino)                                |                          mor1kx_lsu_cappuccino_3 |        302 |        302 |       0 |    0 |   117 |      0 |      0 |            0 |
|           dcache_gen.mor1kx_dcache                               |                                  mor1kx_dcache_8 |        403 |        291 |     112 |    0 |    96 |      1 |      0 |            0 |
|             (dcache_gen.mor1kx_dcache)                           |                                  mor1kx_dcache_8 |         41 |         41 |       0 |    0 |    43 |      0 |      0 |            0 |
|             tag_ram                                              |      mor1kx_simple_dpram_sclk__parameterized3_11 |        261 |        149 |     112 |    0 |    20 |      0 |      0 |            0 |
|             way_memories[0].way_data_ram                         |      mor1kx_simple_dpram_sclk__parameterized2_12 |        101 |        101 |       0 |    0 |    33 |      1 |      0 |            0 |
|           store_buffer_gen.mor1kx_store_buffer                   |                            mor1kx_store_buffer_9 |        147 |        147 |       0 |    0 |   118 |      1 |      1 |            0 |
|             (store_buffer_gen.mor1kx_store_buffer)               |                            mor1kx_store_buffer_9 |         17 |         17 |       0 |    0 |    18 |      0 |      0 |            0 |
|             fifo_ram                                             |      mor1kx_simple_dpram_sclk__parameterized1_10 |        130 |        130 |       0 |    0 |   100 |      1 |      1 |            0 |
|         mor1kx_rf_cappuccino                                     |                           mor1kx_rf_cappuccino_4 |        464 |        464 |       0 |    0 |   235 |      0 |      2 |            0 |
|           (mor1kx_rf_cappuccino)                                 |                           mor1kx_rf_cappuccino_4 |        400 |        400 |       0 |    0 |   235 |      0 |      0 |            0 |
|           rfa                                                    |       mor1kx_simple_dpram_sclk__parameterized4_6 |         32 |         32 |       0 |    0 |     0 |      0 |      1 |            0 |
|           rfb                                                    |       mor1kx_simple_dpram_sclk__parameterized4_7 |         32 |         32 |       0 |    0 |     0 |      0 |      1 |            0 |
|         mor1kx_wb_mux_cappuccino                                 |                       mor1kx_wb_mux_cappuccino_5 |         36 |         36 |       0 |    0 |    32 |      0 |      0 |            0 |
|   mor1kx_1                                                       |                           mor1kx__parameterized0 |       3485 |       3373 |     112 |    0 |  1503 |      3 |      4 |            3 |
|     mor1kx_cpu                                                   |                       mor1kx_cpu__parameterized0 |       3485 |       3373 |     112 |    0 |  1503 |      3 |      4 |            3 |
|       cappuccino.mor1kx_cpu                                      |            mor1kx_cpu_cappuccino__parameterized0 |       3485 |       3373 |     112 |    0 |  1503 |      3 |      4 |            3 |
|         mor1kx_branch_prediction                                 |                         mor1kx_branch_prediction |          2 |          2 |       0 |    0 |     0 |      0 |      0 |            0 |
|           branch_predictor_simple.mor1kx_branch_predictor_simple |                   mor1kx_branch_predictor_simple |          2 |          2 |       0 |    0 |     0 |      0 |      0 |            0 |
|         mor1kx_ctrl_cappuccino                                   |           mor1kx_ctrl_cappuccino__parameterized0 |        202 |        202 |       0 |    0 |   242 |      0 |      0 |            0 |
|           (mor1kx_ctrl_cappuccino)                               |           mor1kx_ctrl_cappuccino__parameterized0 |        202 |        202 |       0 |    0 |   210 |      0 |      0 |            0 |
|           pic.mor1kx_pic                                         |                                       mor1kx_pic |          0 |          0 |       0 |    0 |    32 |      0 |      0 |            0 |
|         mor1kx_decode_execute_cappuccino                         | mor1kx_decode_execute_cappuccino__parameterized0 |        370 |        370 |       0 |    0 |   173 |      0 |      0 |            0 |
|         mor1kx_execute_alu                                       |                               mor1kx_execute_alu |        135 |        135 |       0 |    0 |   156 |      0 |      0 |            3 |
|         mor1kx_execute_ctrl_cappuccino                           |   mor1kx_execute_ctrl_cappuccino__parameterized0 |        358 |        358 |       0 |    0 |   157 |      0 |      0 |            0 |
|         mor1kx_fetch_cappuccino                                  |          mor1kx_fetch_cappuccino__parameterized0 |        400 |        400 |       0 |    0 |   212 |      1 |      1 |            0 |
|           (mor1kx_fetch_cappuccino)                              |          mor1kx_fetch_cappuccino__parameterized0 |        172 |        172 |       0 |    0 |   170 |      0 |      0 |            0 |
|           icache_gen.mor1kx_icache                               |                                    mor1kx_icache |        228 |        228 |       0 |    0 |    42 |      1 |      1 |            0 |
|             (icache_gen.mor1kx_icache)                           |                                    mor1kx_icache |         43 |         43 |       0 |    0 |    42 |      0 |      0 |            0 |
|             tag_ram                                              |         mor1kx_simple_dpram_sclk__parameterized0 |         59 |         59 |       0 |    0 |     0 |      0 |      1 |            0 |
|             way_memories[0].way_data_ram                         |                         mor1kx_simple_dpram_sclk |        126 |        126 |       0 |    0 |     0 |      1 |      0 |            0 |
|         mor1kx_lsu_cappuccino                                    |                            mor1kx_lsu_cappuccino |       1485 |       1373 |     112 |    0 |   296 |      2 |      1 |            0 |
|           (mor1kx_lsu_cappuccino)                                |                            mor1kx_lsu_cappuccino |       1046 |       1046 |       0 |    0 |   114 |      0 |      0 |            0 |
|           dcache_gen.mor1kx_dcache                               |                                    mor1kx_dcache |        324 |        212 |     112 |    0 |    96 |      1 |      0 |            0 |
|             (dcache_gen.mor1kx_dcache)                           |                                    mor1kx_dcache |         23 |         23 |       0 |    0 |    43 |      0 |      0 |            0 |
|             tag_ram                                              |         mor1kx_simple_dpram_sclk__parameterized3 |        229 |        117 |     112 |    0 |    20 |      0 |      0 |            0 |
|             way_memories[0].way_data_ram                         |         mor1kx_simple_dpram_sclk__parameterized2 |         72 |         72 |       0 |    0 |    33 |      1 |      0 |            0 |
|           store_buffer_gen.mor1kx_store_buffer                   |                              mor1kx_store_buffer |        115 |        115 |       0 |    0 |    86 |      1 |      1 |            0 |
|             (store_buffer_gen.mor1kx_store_buffer)               |                              mor1kx_store_buffer |         29 |         29 |       0 |    0 |    18 |      0 |      0 |            0 |
|             fifo_ram                                             |         mor1kx_simple_dpram_sclk__parameterized1 |         86 |         86 |       0 |    0 |    68 |      1 |      1 |            0 |
|         mor1kx_rf_cappuccino                                     |                             mor1kx_rf_cappuccino |        464 |        464 |       0 |    0 |   235 |      0 |      2 |            0 |
|           (mor1kx_rf_cappuccino)                                 |                             mor1kx_rf_cappuccino |        400 |        400 |       0 |    0 |   235 |      0 |      0 |            0 |
|           rfa                                                    |         mor1kx_simple_dpram_sclk__parameterized4 |         32 |         32 |       0 |    0 |     0 |      0 |      1 |            0 |
|           rfb                                                    |       mor1kx_simple_dpram_sclk__parameterized4_0 |         32 |         32 |       0 |    0 |     0 |      0 |      1 |            0 |
|         mor1kx_wb_mux_cappuccino                                 |                         mor1kx_wb_mux_cappuccino |         69 |         69 |       0 |    0 |    32 |      0 |      0 |            0 |
+------------------------------------------------------------------+--------------------------------------------------+------------+------------+---------+------+-------+--------+--------+--------------+


